# JRE version: OpenJDK Runtime Environment Microsoft-8552009 (17.0.9+8) (build 17.0.9+8-LTS)
# Java VM: OpenJDK 64-Bit Server VM Microsoft-8552009 (17.0.9+8-LTS, mixed mode, emulated-client, sharing, tiered, compressed oops, compressed class ptrs, g1 gc, windows-amd64)
GC Precious Log:
 CPUs: 4 total, 4 available
 Memory: 8011M
 Large Page Support: Disabled
 NUMA Support: Disabled
 Compressed Oops: Enabled (32-bit)
 Heap Region Size: 1M
 Heap Min Capacity: 8M
 Heap Initial Capacity: 126M
 Heap Max Capacity: 2004M
 Pre-touch: Disabled
 Parallel Workers: 4
 Concurrent Workers: 1
 Concurrent Refinement Workers: 4
 Periodic GC: Disabled
Heap:
 garbage-first heap   total 208896K, used 77207K [0x0000000082c00000, 0x0000000100000000)
  region size 1024K, 3 young (3072K), 3 survivors (3072K)
 Metaspace       used 60068K, committed 60672K, reserved 1114112K
  class space    used 8255K, committed 8576K, reserved 1048576K
GC Heap History (20 events):
Event: 3.901 GC heap after
{Heap after GC invocations=5 (full 0):
 garbage-first heap   total 129024K, used 45056K [0x0000000082c00000, 0x0000000100000000)
  region size 1024K, 5 young (5120K), 5 survivors (5120K)
 Metaspace       used 3599K, committed 3776K, reserved 1114112K
  class space    used 440K, committed 512K, reserved 1048576K
}
Event: 4.390 GC heap before
{Heap before GC invocations=5 (full 0):
 garbage-first heap   total 129024K, used 59392K [0x0000000082c00000, 0x0000000100000000)
  region size 1024K, 19 young (19456K), 5 survivors (5120K)
 Metaspace       used 6072K, committed 6336K, reserved 1114112K
  class space    used 765K, committed 896K, reserved 1048576K
}
Event: 4.411 GC heap after
{Heap after GC invocations=6 (full 0):
 garbage-first heap   total 208896K, used 48989K [0x0000000082c00000, 0x0000000100000000)
  region size 1024K, 3 young (3072K), 3 survivors (3072K)
 Metaspace       used 6072K, committed 6336K, reserved 1114112K
  class space    used 765K, committed 896K, reserved 1048576K
}
Event: 6.078 GC heap before
{Heap before GC invocations=6 (full 0):
 garbage-first heap   total 208896K, used 95069K [0x0000000082c00000, 0x0000000100000000)
  region size 1024K, 48 young (49152K), 3 survivors (3072K)
 Metaspace       used 12108K, committed 12416K, reserved 1114112K
  class space    used 1624K, committed 1792K, reserved 1048576K
}
Event: 6.091 GC heap after
{Heap after GC invocations=7 (full 0):
 garbage-first heap   total 208896K, used 53143K [0x0000000082c00000, 0x0000000100000000)
  region size 1024K, 6 young (6144K), 6 survivors (6144K)
 Metaspace       used 12108K, committed 12416K, reserved 1114112K
  class space    used 1624K, committed 1792K, reserved 1048576K
}
Event: 7.023 GC heap before
{Heap before GC invocations=7 (full 0):
 garbage-first heap   total 208896K, used 137111K [0x0000000082c00000, 0x0000000100000000)
  region size 1024K, 88 young (90112K), 6 survivors (6144K)
 Metaspace       used 17208K, committed 17600K, reserved 1114112K
  class space    used 2352K, committed 2560K, reserved 1048576K
}
Event: 7.041 GC heap after
{Heap after GC invocations=8 (full 0):
 garbage-first heap   total 208896K, used 58313K [0x0000000082c00000, 0x0000000100000000)
  region size 1024K, 9 young (9216K), 9 survivors (9216K)
 Metaspace       used 17208K, committed 17600K, reserved 1114112K
  class space    used 2352K, committed 2560K, reserved 1048576K
}
Event: 8.044 GC heap before
{Heap before GC invocations=8 (full 0):
 garbage-first heap   total 208896K, used 115657K [0x0000000082c00000, 0x0000000100000000)
  region size 1024K, 66 young (67584K), 9 survivors (9216K)
 Metaspace       used 21168K, committed 21504K, reserved 1114112K
  class space    used 2833K, committed 3008K, reserved 1048576K
}
Event: 8.065 GC heap after
{Heap after GC invocations=9 (full 0):
 garbage-first heap   total 208896K, used 62189K [0x0000000082c00000, 0x0000000100000000)
  region size 1024K, 9 young (9216K), 9 survivors (9216K)
 Metaspace       used 21168K, committed 21504K, reserved 1114112K
  class space    used 2833K, committed 3008K, reserved 1048576K
}
Event: 10.174 GC heap before
{Heap before GC invocations=10 (full 0):
 garbage-first heap   total 208896K, used 148205K [0x0000000082c00000, 0x0000000100000000)
  region size 1024K, 97 young (99328K), 9 survivors (9216K)
 Metaspace       used 30071K, committed 30464K, reserved 1114112K
  class space    used 3926K, committed 4096K, reserved 1048576K
}
Event: 10.192 GC heap after
{Heap after GC invocations=11 (full 0):
 garbage-first heap   total 208896K, used 63646K [0x0000000082c00000, 0x0000000100000000)
  region size 1024K, 10 young (10240K), 10 survivors (10240K)
 Metaspace       used 30071K, committed 30464K, reserved 1114112K
  class space    used 3926K, committed 4096K, reserved 1048576K
}
Event: 10.219 GC heap before
{Heap before GC invocations=11 (full 0):
 garbage-first heap   total 208896K, used 64670K [0x0000000082c00000, 0x0000000100000000)
  region size 1024K, 11 young (11264K), 10 survivors (10240K)
 Metaspace       used 30181K, committed 30592K, reserved 1114112K
  class space    used 3958K, committed 4160K, reserved 1048576K
}
Event: 10.237 GC heap after
{Heap after GC invocations=12 (full 0):
 garbage-first heap   total 208896K, used 62452K [0x0000000082c00000, 0x0000000100000000)
  region size 1024K, 2 young (2048K), 2 survivors (2048K)
 Metaspace       used 30181K, committed 30592K, reserved 1114112K
  class space    used 3958K, committed 4160K, reserved 1048576K
}
Event: 11.340 GC heap before
{Heap before GC invocations=12 (full 0):
 garbage-first heap   total 208896K, used 131060K [0x0000000082c00000, 0x0000000100000000)
  region size 1024K, 71 young (72704K), 2 survivors (2048K)
 Metaspace       used 37047K, committed 37440K, reserved 1114112K
  class space    used 5024K, committed 5248K, reserved 1048576K
}
Event: 11.347 GC heap after
{Heap after GC invocations=13 (full 0):
 garbage-first heap   total 208896K, used 64086K [0x0000000082c00000, 0x0000000100000000)
  region size 1024K, 3 young (3072K), 3 survivors (3072K)
 Metaspace       used 37047K, committed 37440K, reserved 1114112K
  class space    used 5024K, committed 5248K, reserved 1048576K
}
Event: 13.458 GC heap before
{Heap before GC invocations=14 (full 0):
 garbage-first heap   total 208896K, used 161366K [0x0000000082c00000, 0x0000000100000000)
  region size 1024K, 99 young (101376K), 3 survivors (3072K)
 Metaspace       used 43483K, committed 44032K, reserved 1114112K
  class space    used 6078K, committed 6336K, reserved 1048576K
}
Event: 13.477 GC heap after
{Heap after GC invocations=15 (full 0):
 garbage-first heap   total 208896K, used 75101K [0x0000000082c00000, 0x0000000100000000)
  region size 1024K, 13 young (13312K), 13 survivors (13312K)
 Metaspace       used 43483K, committed 44032K, reserved 1114112K
  class space    used 6078K, committed 6336K, reserved 1048576K
}
Event: 13.519 GC heap before
{Heap before GC invocations=15 (full 0):
 garbage-first heap   total 208896K, used 76125K [0x0000000082c00000, 0x0000000100000000)
  region size 1024K, 14 young (14336K), 13 survivors (13312K)
 Metaspace       used 43637K, committed 44224K, reserved 1114112K
  class space    used 6101K, committed 6400K, reserved 1048576K
}
Event: 13.540 GC heap after
{Heap after GC invocations=16 (full 0):
 garbage-first heap   total 208896K, used 75684K [0x0000000082c00000, 0x0000000100000000)
  region size 1024K, 2 young (2048K), 2 survivors (2048K)
 Metaspace       used 43637K, committed 44224K, reserved 1114112K
  class space    used 6101K, committed 6400K, reserved 1048576K
}
Event: 16.921 GC heap before
{Heap before GC invocations=16 (full 0):
 garbage-first heap   total 208896K, used 159652K [0x0000000082c00000, 0x0000000100000000)
  region size 1024K, 84 young (86016K), 2 survivors (2048K)
 Metaspace       used 60068K, committed 60672K, reserved 1114112K
  class space    used 8255K, committed 8576K, reserved 1048576K
}

